<?xml version="1.0" encoding="utf-8"?><testsuites name="pytest tests"><testsuite name="pytest" errors="0" failures="0" skipped="0" tests="40" time="5.750" timestamp="2026-06-21T22:10:39.863475+00:00" hostname="agent-env-87de0f42-a5a9-4002-ac95-d369d3d029c9"><testcase classname="backend.tests.backend_test.TestPublic" name="test_clinic_info" time="0.239" /><testcase classname="backend.tests.backend_test.TestPublic" name="test_treatments" time="0.052" /><testcase classname="backend.tests.backend_test.TestPublic" name="test_doctors" time="0.044" /><testcase classname="backend.tests.backend_test.TestPublic" name="test_testimonials" time="0.052" /><testcase classname="backend.tests.backend_test.TestPublic" name="test_faqs" time="0.047" /><testcase classname="backend.tests.backend_test.TestPublic" name="test_before_after_all" time="0.053" /><testcase classname="backend.tests.backend_test.TestPublic" name="test_before_after_filter" time="0.060" /><testcase classname="backend.tests.backend_test.TestAppointmentAndLead" name="test_create_appointment_creates_lead" time="0.371" /><testcase classname="backend.tests.backend_test.TestAppointmentAndLead" name="test_create_lead" time="0.050" /><testcase classname="backend.tests.backend_test.TestQuiz" name="test_missing_tooth_implant" time="0.049" /><testcase classname="backend.tests.backend_test.TestQuiz" name="test_yellowing_beyazlatma" time="0.049" /><testcase classname="backend.tests.backend_test.TestQuiz" name="test_crooked_ortodonti" time="0.044" /><testcase classname="backend.tests.backend_test.TestQuiz" name="test_empty_default" time="0.046" /><testcase classname="backend.tests.backend_test.TestAuth" name="test_login_success_returns_token_and_cookie" time="0.270" /><testcase classname="backend.tests.backend_test.TestAuth" name="test_login_invalid" time="0.271" /><testcase classname="backend.tests.backend_test.TestAuth" name="test_me_requires_auth" time="0.151" /><testcase classname="backend.tests.backend_test.TestAuth" name="test_me_with_token" time="0.323" /><testcase classname="backend.tests.backend_test.TestAdminAuthRequired" name="test_unauthorized_returns_401[/admin/stats]" time="0.098" /><testcase classname="backend.tests.backend_test.TestAdminAuthRequired" name="test_unauthorized_returns_401[/admin/appointments]" time="0.137" /><testcase classname="backend.tests.backend_test.TestAdminAuthRequired" name="test_unauthorized_returns_401[/admin/leads]" time="0.127" /><testcase classname="backend.tests.backend_test.TestAdminAuthRequired" name="test_unauthorized_returns_401[/admin/doctors]" time="0.096" /><testcase classname="backend.tests.backend_test.TestAdminAuthRequired" name="test_unauthorized_returns_401[/admin/treatments]" time="0.089" /><testcase classname="backend.tests.backend_test.TestAdminAuthRequired" name="test_unauthorized_returns_401[/admin/testimonials]" time="0.090" /><testcase classname="backend.tests.backend_test.TestAdminAuthRequired" name="test_unauthorized_returns_401[/admin/before-after]" time="0.089" /><testcase classname="backend.tests.backend_test.TestAdminAuthRequired" name="test_unauthorized_returns_401[/admin/faqs]" time="0.104" /><testcase classname="backend.tests.backend_test.TestAdminAuthRequired" name="test_authorized_returns_200[/admin/stats]" time="0.102" /><testcase classname="backend.tests.backend_test.TestAdminAuthRequired" name="test_authorized_returns_200[/admin/appointments]" time="0.125" /><testcase classname="backend.tests.backend_test.TestAdminAuthRequired" name="test_authorized_returns_200[/admin/leads]" time="0.099" /><testcase classname="backend.tests.backend_test.TestAdminAuthRequired" name="test_authorized_returns_200[/admin/doctors]" time="0.095" /><testcase classname="backend.tests.backend_test.TestAdminAuthRequired" name="test_authorized_returns_200[/admin/treatments]" time="0.094" /><testcase classname="backend.tests.backend_test.TestAdminAuthRequired" name="test_authorized_returns_200[/admin/testimonials]" time="0.109" /><testcase classname="backend.tests.backend_test.TestAdminAuthRequired" name="test_authorized_returns_200[/admin/before-after]" time="0.095" /><testcase classname="backend.tests.backend_test.TestAdminAuthRequired" name="test_authorized_returns_200[/admin/faqs]" time="0.096" /><testcase classname="backend.tests.backend_test.TestAdminUpdates" name="test_patch_appointment_status" time="0.252" /><testcase classname="backend.tests.backend_test.TestAdminUpdates" name="test_patch_lead_status" time="0.152" /><testcase classname="backend.tests.backend_test.TestAdminCRUD" name="test_doctor_crud" time="0.285" /><testcase classname="backend.tests.backend_test.TestAdminCRUD" name="test_treatment_crud" time="0.389" /><testcase classname="backend.tests.backend_test.TestAdminCRUD" name="test_testimonial_crud" time="0.181" /><testcase classname="backend.tests.backend_test.TestAdminCRUD" name="test_faq_crud" time="0.310" /><testcase classname="backend.tests.backend_test.TestAdminCRUD" name="test_before_after_crud" time="0.208" /></testsuite></testsuites>